# JRE version: OpenJDK Runtime Environment (8.0_171-b11) (build 1.8.0_171-8u171-b11-2-b11)
# Java VM: OpenJDK 64-Bit Server VM (25.171-b11 mixed mode linux-amd64 compressed oops)
Heap:
 PSYoungGen      total 133120K, used 7664K [0x00000000ebe00000, 0x00000000f4780000, 0x0000000100000000)
  eden space 125440K, 0% used [0x00000000ebe00000,0x00000000ebe00000,0x00000000f3880000)
  from space 7680K, 99% used [0x00000000f3880000,0x00000000f3ffc1a0,0x00000000f4000000)
  to   space 7680K, 0% used [0x00000000f4000000,0x00000000f4000000,0x00000000f4780000)
 ParOldGen       total 39936K, used 19298K [0x00000000c3a00000, 0x00000000c6100000, 0x00000000ebe00000)
  object space 39936K, 48% used [0x00000000c3a00000,0x00000000c4cd89d8,0x00000000c6100000)
 Metaspace       used 38316K, capacity 38688K, committed 39040K, reserved 1083392K
  class space    used 4821K, capacity 4986K, committed 4992K, reserved 1048576K
GC Heap History (10 events):
Event: 74.875 GC heap after
Heap after GC invocations=6 (full 0):
 PSYoungGen      total 69120K, used 2682K [0x00000000ebe00000, 0x00000000f0800000, 0x0000000100000000)
  eden space 63488K, 0% used [0x00000000ebe00000,0x00000000ebe00000,0x00000000efc00000)
  from space 5632K, 47% used [0x00000000f0280000,0x00000000f051eac8,0x00000000f0800000)
  to   space 6144K, 0% used [0x00000000efc00000,0x00000000efc00000,0x00000000f0200000)
 ParOldGen       total 42496K, used 16408K [0x00000000c3a00000, 0x00000000c6380000, 0x00000000ebe00000)
  object space 42496K, 38% used [0x00000000c3a00000,0x00000000c4a06330,0x00000000c6380000)
 Metaspace       used 20823K, capacity 21066K, committed 21248K, reserved 1067008K
  class space    used 2610K, capacity 2705K, committed 2816K, reserved 1048576K
}
Event: 74.875 GC heap before
{Heap before GC invocations=7 (full 1):
 PSYoungGen      total 69120K, used 2682K [0x00000000ebe00000, 0x00000000f0800000, 0x0000000100000000)
  eden space 63488K, 0% used [0x00000000ebe00000,0x00000000ebe00000,0x00000000efc00000)
  from space 5632K, 47% used [0x00000000f0280000,0x00000000f051eac8,0x00000000f0800000)
  to   space 6144K, 0% used [0x00000000efc00000,0x00000000efc00000,0x00000000f0200000)
 ParOldGen       total 42496K, used 16408K [0x00000000c3a00000, 0x00000000c6380000, 0x00000000ebe00000)
  object space 42496K, 38% used [0x00000000c3a00000,0x00000000c4a06330,0x00000000c6380000)
 Metaspace       used 20823K, capacity 21066K, committed 21248K, reserved 1067008K
  class space    used 2610K, capacity 2705K, committed 2816K, reserved 1048576K
Event: 75.012 GC heap after
Heap after GC invocations=7 (full 1):
 PSYoungGen      total 69120K, used 0K [0x00000000ebe00000, 0x00000000f0800000, 0x0000000100000000)
  eden space 63488K, 0% used [0x00000000ebe00000,0x00000000ebe00000,0x00000000efc00000)
  from space 5632K, 0% used [0x00000000f0280000,0x00000000f0280000,0x00000000f0800000)
  to   space 6144K, 0% used [0x00000000efc00000,0x00000000efc00000,0x00000000f0200000)
 ParOldGen       total 37376K, used 10770K [0x00000000c3a00000, 0x00000000c5e80000, 0x00000000ebe00000)
  object space 37376K, 28% used [0x00000000c3a00000,0x00000000c44848f0,0x00000000c5e80000)
 Metaspace       used 20823K, capacity 21066K, committed 21248K, reserved 1067008K
  class space    used 2610K, capacity 2705K, committed 2816K, reserved 1048576K
}
Event: 140.474 GC heap before
{Heap before GC invocations=8 (full 1):
 PSYoungGen      total 69120K, used 63488K [0x00000000ebe00000, 0x00000000f0800000, 0x0000000100000000)
  eden space 63488K, 100% used [0x00000000ebe00000,0x00000000efc00000,0x00000000efc00000)
  from space 5632K, 0% used [0x00000000f0280000,0x00000000f0280000,0x00000000f0800000)
  to   space 6144K, 0% used [0x00000000efc00000,0x00000000efc00000,0x00000000f0200000)
 ParOldGen       total 37376K, used 10770K [0x00000000c3a00000, 0x00000000c5e80000, 0x00000000ebe00000)
  object space 37376K, 28% used [0x00000000c3a00000,0x00000000c44848f0,0x00000000c5e80000)
 Metaspace       used 28375K, capacity 28748K, committed 29056K, reserved 1075200K
  class space    used 3558K, capacity 3686K, committed 3712K, reserved 1048576K
Event: 140.493 GC heap after
Heap after GC invocations=8 (full 1):
 PSYoungGen      total 69632K, used 6140K [0x00000000ebe00000, 0x00000000f4780000, 0x0000000100000000)
  eden space 63488K, 0% used [0x00000000ebe00000,0x00000000ebe00000,0x00000000efc00000)
  from space 6144K, 99% used [0x00000000efc00000,0x00000000f01ff250,0x00000000f0200000)
  to   space 7680K, 0% used [0x00000000f4000000,0x00000000f4000000,0x00000000f4780000)
 ParOldGen       total 37376K, used 11578K [0x00000000c3a00000, 0x00000000c5e80000, 0x00000000ebe00000)
  object space 37376K, 30% used [0x00000000c3a00000,0x00000000c454e8b8,0x00000000c5e80000)
 Metaspace       used 28375K, capacity 28748K, committed 29056K, reserved 1075200K
  class space    used 3558K, capacity 3686K, committed 3712K, reserved 1048576K
}
Event: 197.440 GC heap before
{Heap before GC invocations=9 (full 1):
 PSYoungGen      total 69632K, used 33156K [0x00000000ebe00000, 0x00000000f4780000, 0x0000000100000000)
  eden space 63488K, 42% used [0x00000000ebe00000,0x00000000ed862060,0x00000000efc00000)
  from space 6144K, 99% used [0x00000000efc00000,0x00000000f01ff250,0x00000000f0200000)
  to   space 7680K, 0% used [0x00000000f4000000,0x00000000f4000000,0x00000000f4780000)
 ParOldGen       total 37376K, used 11578K [0x00000000c3a00000, 0x00000000c5e80000, 0x00000000ebe00000)
  object space 37376K, 30% used [0x00000000c3a00000,0x00000000c454e8b8,0x00000000c5e80000)
 Metaspace       used 34763K, capacity 35132K, committed 35416K, reserved 1081344K
  class space    used 4440K, capacity 4596K, committed 4608K, reserved 1048576K
Event: 197.858 GC heap after
Heap after GC invocations=9 (full 1):
 PSYoungGen      total 133120K, used 5236K [0x00000000ebe00000, 0x00000000f4780000, 0x0000000100000000)
  eden space 125440K, 0% used [0x00000000ebe00000,0x00000000ebe00000,0x00000000f3880000)
  from space 7680K, 68% used [0x00000000f4000000,0x00000000f451d078,0x00000000f4780000)
  to   space 7680K, 0% used [0x00000000f3880000,0x00000000f3880000,0x00000000f4000000)
 ParOldGen       total 37376K, used 11650K [0x00000000c3a00000, 0x00000000c5e80000, 0x00000000ebe00000)
  object space 37376K, 31% used [0x00000000c3a00000,0x00000000c45608c8,0x00000000c5e80000)
 Metaspace       used 34763K, capacity 35132K, committed 35416K, reserved 1081344K
  class space    used 4440K, capacity 4596K, committed 4608K, reserved 1048576K
}
Event: 197.936 GC heap before
{Heap before GC invocations=10 (full 2):
 PSYoungGen      total 133120K, used 5236K [0x00000000ebe00000, 0x00000000f4780000, 0x0000000100000000)
  eden space 125440K, 0% used [0x00000000ebe00000,0x00000000ebe00000,0x00000000f3880000)
  from space 7680K, 68% used [0x00000000f4000000,0x00000000f451d078,0x00000000f4780000)
  to   space 7680K, 0% used [0x00000000f3880000,0x00000000f3880000,0x00000000f4000000)
 ParOldGen       total 37376K, used 11650K [0x00000000c3a00000, 0x00000000c5e80000, 0x00000000ebe00000)
  object space 37376K, 31% used [0x00000000c3a00000,0x00000000c45608c8,0x00000000c5e80000)
 Metaspace       used 34763K, capacity 35132K, committed 35416K, reserved 1081344K
  class space    used 4440K, capacity 4596K, committed 4608K, reserved 1048576K
Event: 198.350 GC heap after
Heap after GC invocations=10 (full 2):
 PSYoungGen      total 133120K, used 0K [0x00000000ebe00000, 0x00000000f4780000, 0x0000000100000000)
  eden space 125440K, 0% used [0x00000000ebe00000,0x00000000ebe00000,0x00000000f3880000)
  from space 7680K, 0% used [0x00000000f4000000,0x00000000f4000000,0x00000000f4780000)
  to   space 7680K, 0% used [0x00000000f3880000,0x00000000f3880000,0x00000000f4000000)
 ParOldGen       total 39936K, used 12986K [0x00000000c3a00000, 0x00000000c6100000, 0x00000000ebe00000)
  object space 39936K, 32% used [0x00000000c3a00000,0x00000000c46aebd0,0x00000000c6100000)
 Metaspace       used 34763K, capacity 35132K, committed 35416K, reserved 1081344K
  class space    used 4440K, capacity 4596K, committed 4608K, reserved 1048576K
}
Event: 279.033 GC heap before
{Heap before GC invocations=11 (full 2):
 PSYoungGen      total 133120K, used 125440K [0x00000000ebe00000, 0x00000000f4780000, 0x0000000100000000)
  eden space 125440K, 100% used [0x00000000ebe00000,0x00000000f3880000,0x00000000f3880000)
  from space 7680K, 0% used [0x00000000f4000000,0x00000000f4000000,0x00000000f4780000)
  to   space 7680K, 0% used [0x00000000f3880000,0x00000000f3880000,0x00000000f4000000)
 ParOldGen       total 39936K, used 12986K [0x00000000c3a00000, 0x00000000c6100000, 0x00000000ebe00000)
  object space 39936K, 32% used [0x00000000c3a00000,0x00000000c46aebd0,0x00000000c6100000)
 Metaspace       used 38316K, capacity 38688K, committed 39040K, reserved 1083392K
  class space    used 4821K, capacity 4986K, committed 4992K, reserved 1048576K

